----------------------------------------------------------------
Tue Jun 22 09:33:38 CEST 2021:
Booting Derby version The Apache Software Foundation - Apache Derby - 10.14.2.0 - (1828579): instance a816c00e-017a-32a3-8eb3-00000e27eae8 
on database directory memory:D:\Private\FH\semester 4\Continious Integration\CarWebApp\23d2afc0-2792-4ae3-979e-c36310021d62 with class loader jdk.internal.loader.ClassLoaders$AppClassLoader@77556fd 
Loaded from file:/C:/Users/FilipFilipovic/.m2/repository/org/apache/derby/derby/10.14.2.0/derby-10.14.2.0.jar
java.vendor=Oracle Corporation
java.runtime.version=11.0.10+8-LTS-162
user.dir=D:\Private\FH\semester 4\Continious Integration\CarWebApp
os.name=Windows 10
os.arch=amd64
os.version=10.0
derby.system.home=null
Database Class Loader started - derby.database.classpath=''
----------------------------------------------------------------
Tue Jun 22 09:33:42 CEST 2021:
Booting Derby version The Apache Software Foundation - Apache Derby - 10.14.2.0 - (1828579): instance b278c0c3-017a-32a3-8eb3-00000e27eae8 
on database directory memory:D:\Private\FH\semester 4\Continious Integration\CarWebApp\9ffa7996-094e-4115-a7c5-f49a1fec48a4 with class loader jdk.internal.loader.ClassLoaders$AppClassLoader@77556fd 
Loaded from file:/C:/Users/FilipFilipovic/.m2/repository/org/apache/derby/derby/10.14.2.0/derby-10.14.2.0.jar
java.vendor=Oracle Corporation
java.runtime.version=11.0.10+8-LTS-162
user.dir=D:\Private\FH\semester 4\Continious Integration\CarWebApp
os.name=Windows 10
os.arch=amd64
os.version=10.0
derby.system.home=null
Database Class Loader started - derby.database.classpath=''
